<?xml version="1.0" encoding="UTF-8"?>
<testsuite name="org.example.selenium.cucumber.runners.RunnerFailedTest" tests="1" skipped="0" failures="1" errors="0" timestamp="2022-08-26T22:00:00" hostname="BOMC9081004.local" time="0.002">
  <properties/>
  <testcase name="initializationError" classname="org.example.selenium.cucumber.runners.RunnerFailedTest" time="0.002">
    <failure message="io.cucumber.core.gherkin.FeatureParserException: Failed to parse resource at: file:///Users/CDIMAS/Documents/Documentos%20-%20BOMC9081004/automation-repositories/UdemySeleniumCucumber/src/test/resources/features/list_of_cities.feature&#10;(1:1): expected: #EOF, #Language, #TagLine, #FeatureLine, #Comment, #Empty, got 'vb'c{ñf8imo9,yFeature: I can find a city inside a state.'&#10;(4:3): expected: #TagLine, #FeatureLine, #Comment, #Empty, got 'Scenario Outline: As a Test Engineer, I want to validate that a text is present inside a list.'&#10;(5:5): expected: #TagLine, #FeatureLine, #Comment, #Empty, got 'Given I navigate to the list page'&#10;(6:5): expected: #TagLine, #FeatureLine, #Comment, #Empty, got 'When I search '&lt;state&gt;' in the list'&#10;(7:5): expected: #TagLine, #FeatureLine, #Comment, #Empty, got 'Then I can validate that '&lt;city&gt;' is present inside the list'&#10;(8:5): expected: #TagLine, #FeatureLine, #Comment, #Empty, got 'Examples:'&#10;(9:7): expected: #TagLine, #FeatureLine, #Comment, #Empty, got '| state        | city                       |'&#10;(10:7): expected: #TagLine, #FeatureLine, #Comment, #Empty, got '| New York     | Utica, New York            |'&#10;(11:7): expected: #TagLine, #FeatureLine, #Comment, #Empty, got '| Texas        | Dallas, Texas              |'&#10;(12:7): expected: #TagLine, #FeatureLine, #Comment, #Empty, got '| Pennsylvania | Philadelphia, Pennsylvania |'&#10;(13:7): expected: #TagLine, #FeatureLine, #Comment, #Empty, got '| Bogota D.C.  | Bogota D.C.                |'" type="io.cucumber.core.gherkin.FeatureParserException">io.cucumber.core.gherkin.FeatureParserException: Failed to parse resource at: file:///Users/CDIMAS/Documents/Documentos%20-%20BOMC9081004/automation-repositories/UdemySeleniumCucumber/src/test/resources/features/list_of_cities.feature
(1:1): expected: #EOF, #Language, #TagLine, #FeatureLine, #Comment, #Empty, got 'vb'c{ñf8imo9,yFeature: I can find a city inside a state.'
(4:3): expected: #TagLine, #FeatureLine, #Comment, #Empty, got 'Scenario Outline: As a Test Engineer, I want to validate that a text is present inside a list.'
(5:5): expected: #TagLine, #FeatureLine, #Comment, #Empty, got 'Given I navigate to the list page'
(6:5): expected: #TagLine, #FeatureLine, #Comment, #Empty, got 'When I search '&lt;state&gt;' in the list'
(7:5): expected: #TagLine, #FeatureLine, #Comment, #Empty, got 'Then I can validate that '&lt;city&gt;' is present inside the list'
(8:5): expected: #TagLine, #FeatureLine, #Comment, #Empty, got 'Examples:'
(9:7): expected: #TagLine, #FeatureLine, #Comment, #Empty, got '| state        | city                       |'
(10:7): expected: #TagLine, #FeatureLine, #Comment, #Empty, got '| New York     | Utica, New York            |'
(11:7): expected: #TagLine, #FeatureLine, #Comment, #Empty, got '| Texas        | Dallas, Texas              |'
(12:7): expected: #TagLine, #FeatureLine, #Comment, #Empty, got '| Pennsylvania | Philadelphia, Pennsylvania |'
(13:7): expected: #TagLine, #FeatureLine, #Comment, #Empty, got '| Bogota D.C.  | Bogota D.C.                |'
	at app//io.cucumber.core.gherkin.messages.GherkinMessagesFeatureParser.parse(GherkinMessagesFeatureParser.java:52)
	at app//io.cucumber.core.feature.FeatureParser.parseResource(FeatureParser.java:47)
	at java.base@17.0.2/java.util.function.BiFunction.lambda$andThen$0(BiFunction.java:70)
	at app//io.cucumber.core.resource.ResourceScanner.lambda$processResource$1(ResourceScanner.java:79)
	at app//io.cucumber.core.resource.PathScanner$ResourceFileVisitor.visitFile(PathScanner.java:75)
	at app//io.cucumber.core.resource.PathScanner$ResourceFileVisitor.visitFile(PathScanner.java:60)
	at java.base@17.0.2/java.nio.file.Files.walkFileTree(Files.java:2811)
	at app//io.cucumber.core.resource.PathScanner.findResourcesForPath(PathScanner.java:53)
	at app//io.cucumber.core.resource.PathScanner.findResourcesForUri(PathScanner.java:31)
	at app//io.cucumber.core.resource.ResourceScanner.findResourcesForUri(ResourceScanner.java:61)
	at app//io.cucumber.core.resource.ResourceScanner.scanForResourcesUri(ResourceScanner.java:134)
	at app//io.cucumber.core.runtime.FeaturePathFeatureSupplier.loadFeatures(FeaturePathFeatureSupplier.java:62)
	at app//io.cucumber.core.runtime.FeaturePathFeatureSupplier.get(FeaturePathFeatureSupplier.java:45)
	at app//io.cucumber.junit.Cucumber.&lt;init&gt;(Cucumber.java:158)
	at java.base@17.0.2/jdk.internal.reflect.NativeConstructorAccessorImpl.newInstance0(Native Method)
	at java.base@17.0.2/jdk.internal.reflect.NativeConstructorAccessorImpl.newInstance(NativeConstructorAccessorImpl.java:77)
	at java.base@17.0.2/jdk.internal.reflect.DelegatingConstructorAccessorImpl.newInstance(DelegatingConstructorAccessorImpl.java:45)
	at java.base@17.0.2/java.lang.reflect.Constructor.newInstanceWithCaller(Constructor.java:499)
	at java.base@17.0.2/java.lang.reflect.Constructor.newInstance(Constructor.java:480)
	at app//org.junit.internal.builders.AnnotatedBuilder.buildRunner(AnnotatedBuilder.java:104)
	at app//org.junit.internal.builders.AnnotatedBuilder.runnerForClass(AnnotatedBuilder.java:86)
	at app//org.junit.runners.model.RunnerBuilder.safeRunnerForClass(RunnerBuilder.java:70)
	at app//org.junit.internal.builders.AllDefaultPossibilitiesBuilder.runnerForClass(AllDefaultPossibilitiesBuilder.java:37)
	at app//org.junit.runners.model.RunnerBuilder.safeRunnerForClass(RunnerBuilder.java:70)
	at app//org.junit.internal.requests.ClassRequest.createRunner(ClassRequest.java:28)
	at app//org.junit.internal.requests.MemoizingRequest.getRunner(MemoizingRequest.java:19)
	at org.gradle.api.internal.tasks.testing.junit.JUnitTestClassExecutor.runTestClass(JUnitTestClassExecutor.java:78)
	at org.gradle.api.internal.tasks.testing.junit.JUnitTestClassExecutor.execute(JUnitTestClassExecutor.java:58)
	at org.gradle.api.internal.tasks.testing.junit.JUnitTestClassExecutor.execute(JUnitTestClassExecutor.java:38)
	at org.gradle.api.internal.tasks.testing.junit.AbstractJUnitTestClassProcessor.processTestClass(AbstractJUnitTestClassProcessor.java:62)
	at org.gradle.api.internal.tasks.testing.SuiteTestClassProcessor.processTestClass(SuiteTestClassProcessor.java:51)
	at java.base@17.0.2/jdk.internal.reflect.NativeMethodAccessorImpl.invoke0(Native Method)
	at java.base@17.0.2/jdk.internal.reflect.NativeMethodAccessorImpl.invoke(NativeMethodAccessorImpl.java:77)
	at java.base@17.0.2/jdk.internal.reflect.DelegatingMethodAccessorImpl.invoke(DelegatingMethodAccessorImpl.java:43)
	at java.base@17.0.2/java.lang.reflect.Method.invoke(Method.java:568)
	at org.gradle.internal.dispatch.ReflectionDispatch.dispatch(ReflectionDispatch.java:36)
	at org.gradle.internal.dispatch.ReflectionDispatch.dispatch(ReflectionDispatch.java:24)
	at org.gradle.internal.dispatch.ContextClassLoaderDispatch.dispatch(ContextClassLoaderDispatch.java:33)
	at org.gradle.internal.dispatch.ProxyDispatchAdapter$DispatchingInvocationHandler.invoke(ProxyDispatchAdapter.java:94)
	at jdk.proxy1/jdk.proxy1.$Proxy2.processTestClass(Unknown Source)
	at org.gradle.api.internal.tasks.testing.worker.TestWorker$2.run(TestWorker.java:176)
	at org.gradle.api.internal.tasks.testing.worker.TestWorker.executeAndMaintainThreadName(TestWorker.java:129)
	at org.gradle.api.internal.tasks.testing.worker.TestWorker.execute(TestWorker.java:100)
	at org.gradle.api.internal.tasks.testing.worker.TestWorker.execute(TestWorker.java:60)
	at org.gradle.process.internal.worker.child.ActionExecutionWorker.execute(ActionExecutionWorker.java:56)
	at org.gradle.process.internal.worker.child.SystemApplicationClassLoaderWorker.call(SystemApplicationClassLoaderWorker.java:133)
	at org.gradle.process.internal.worker.child.SystemApplicationClassLoaderWorker.call(SystemApplicationClassLoaderWorker.java:71)
	at app//worker.org.gradle.process.internal.worker.GradleWorkerMain.run(GradleWorkerMain.java:69)
	at app//worker.org.gradle.process.internal.worker.GradleWorkerMain.main(GradleWorkerMain.java:74)
</failure>
  </testcase>
  <system-out><![CDATA[]]></system-out>
  <system-err><![CDATA[]]></system-err>
</testsuite>
